Arguments: 
  /usr/bin/node /usr/share/yarn/bin/yarn.js

PATH: 
  /home/siddiqui/.local/share/solana/install/active_release/bin:/usr/local/sbin:/usr/local/bin:/usr/sbin:/usr/bin:/sbin:/bin:/usr/games:/usr/local/games:/snap/bin:/home/siddiqui/flutter/bin

Yarn version: 
  1.22.18

Node version: 
  14.18.3

Platform: 
  linux x64

Trace: 
  Error: connect EHOSTUNREACH 104.16.27.35:443
      at TCPConnectWrap.afterConnect [as oncomplete] (net.js:1159:16)

npm manifest: 
  {
    "name": "sms-project",
    "version": "0.1.0",
    "private": true,
    "scripts": {
      "dev": "next dev",
      "build": "next build",
      "start": "next start",
      "lint": "next lint"
    },
    "dependencies": {
      "@emotion/react": "^11.10.4",
      "@emotion/styled": "^11.10.4",
      "@mui/material": "^5.10.6",
      "bootstrap": "^5.2.1",
      "next": "12.3.1",
      "react": "18.2.0",
      "react-bootstrap": "^2.5.0",
      "react-dom": "18.2.0",
      "react-router-dom": "^6.4.1"
    },
    "devDependencies": {
      "eslint": "8.24.0",
      "eslint-config-next": "12.3.1"
    }
  }

yarn manifest: 
  No manifest

Lockfile: 
  No lockfile
